{"/Users/lukaszpawlowski/Desktop/js/node-typescript-boilerplate/src/main.ts": {"path":"/Users/lukaszpawlowski/Desktop/js/node-typescript-boilerplate/src/main.ts","statementMap":{"0":{"start":{"line":5,"column":0},"end":{"line":5,"column":37}},"1":{"start":{"line":6,"column":15},"end":{"line":6,"column":43}},"2":{"start":{"line":8,"column":0},"end":{"line":8,"column":null}},"3":{"start":{"line":9,"column":2},"end":{"line":9,"column":null}},"4":{"start":{"line":10,"column":2},"end":{"line":10,"column":null}},"5":{"start":{"line":11,"column":2},"end":{"line":11,"column":null}},"6":{"start":{"line":14,"column":13},"end":{"line":39,"column":2}},"7":{"start":{"line":47,"column":4},"end":{"line":47,"column":27}},"8":{"start":{"line":48,"column":4},"end":{"line":48,"column":27}},"9":{"start":{"line":49,"column":4},"end":{"line":49,"column":29}},"10":{"start":{"line":50,"column":4},"end":{"line":50,"column":55}},"11":{"start":{"line":54,"column":4},"end":{"line":54,"column":35}},"12":{"start":{"line":58,"column":4},"end":{"line":58,"column":61}},"13":{"start":{"line":62,"column":4},"end":{"line":62,"column":22}},"14":{"start":{"line":66,"column":4},"end":{"line":66,"column":25}},"15":{"start":{"line":41,"column":0},"end":{"line":41,"column":13}},"16":{"start":{"line":71,"column":25},"end":{"line":71,"column":30}},"17":{"start":{"line":72,"column":29},"end":{"line":72,"column":46}},"18":{"start":{"line":73,"column":32},"end":{"line":73,"column":34}},"19":{"start":{"line":75,"column":21},"end":{"line":75,"column":34}},"20":{"start":{"line":75,"column":43},"end":{"line":75,"column":69}},"21":{"start":{"line":77,"column":19},"end":{"line":77,"column":35}},"22":{"start":{"line":78,"column":4},"end":{"line":78,"column":33}},"23":{"start":{"line":79,"column":4},"end":{"line":79,"column":18}},"24":{"start":{"line":83,"column":4},"end":{"line":83,"column":21}},"25":{"start":{"line":84,"column":4},"end":{"line":84,"column":16}},"26":{"start":{"line":88,"column":4},"end":{"line":88,"column":34}},"27":{"start":{"line":89,"column":4},"end":{"line":89,"column":16}},"28":{"start":{"line":93,"column":4},"end":{"line":93,"column":35}},"29":{"start":{"line":94,"column":4},"end":{"line":94,"column":16}},"30":{"start":{"line":98,"column":4},"end":{"line":98,"column":34}},"31":{"start":{"line":99,"column":4},"end":{"line":99,"column":16}},"32":{"start":{"line":70,"column":0},"end":{"line":70,"column":13}},"33":{"start":{"line":103,"column":13},"end":{"line":134,"column":2}},"34":{"start":{"line":137,"column":21},"end":{"line":137,"column":49}},"35":{"start":{"line":140,"column":19},"end":{"line":140,"column":71}},"36":{"start":{"line":140,"column":43},"end":{"line":140,"column":70}},"37":{"start":{"line":141,"column":4},"end":{"line":141,"column":26}},"38":{"start":{"line":145,"column":19},"end":{"line":145,"column":71}},"39":{"start":{"line":145,"column":43},"end":{"line":145,"column":70}},"40":{"start":{"line":146,"column":4},"end":{"line":146,"column":29}},"41":{"start":{"line":150,"column":4},"end":{"line":152,"column":6}},"42":{"start":{"line":151,"column":13},"end":{"line":151,"column":66}},"43":{"start":{"line":136,"column":0},"end":{"line":136,"column":13}},"44":{"start":{"line":157,"column":28},"end":{"line":157,"column":51}},"45":{"start":{"line":158,"column":26},"end":{"line":158,"column":56}},"46":{"start":{"line":159,"column":16},"end":{"line":159,"column":21}},"47":{"start":{"line":163,"column":4},"end":{"line":163,"column":21}},"48":{"start":{"line":164,"column":4},"end":{"line":164,"column":20}},"49":{"start":{"line":167,"column":4},"end":{"line":167,"column":22}},"50":{"start":{"line":171,"column":4},"end":{"line":201,"column":null}},"51":{"start":{"line":172,"column":6},"end":{"line":172,"column":29}},"52":{"start":{"line":173,"column":29},"end":{"line":173,"column":70}},"53":{"start":{"line":174,"column":6},"end":{"line":178,"column":null}},"54":{"start":{"line":175,"column":8},"end":{"line":175,"column":51}},"55":{"start":{"line":176,"column":8},"end":{"line":176,"column":23}},"56":{"start":{"line":177,"column":8},"end":{"line":177,"column":15}},"57":{"start":{"line":179,"column":36},"end":{"line":180,"column":null}},"58":{"start":{"line":180,"column":15},"end":{"line":180,"column":64}},"59":{"start":{"line":182,"column":6},"end":{"line":185,"column":null}},"60":{"start":{"line":183,"column":8},"end":{"line":183,"column":61}},"61":{"start":{"line":184,"column":8},"end":{"line":184,"column":15}},"62":{"start":{"line":187,"column":22},"end":{"line":188,"column":null}},"63":{"start":{"line":191,"column":6},"end":{"line":194,"column":null}},"64":{"start":{"line":192,"column":8},"end":{"line":192,"column":56}},"65":{"start":{"line":193,"column":8},"end":{"line":193,"column":15}},"66":{"start":{"line":195,"column":6},"end":{"line":195,"column":38}},"67":{"start":{"line":196,"column":29},"end":{"line":197,"column":null}},"68":{"start":{"line":199,"column":6},"end":{"line":199,"column":74}},"69":{"start":{"line":200,"column":6},"end":{"line":200,"column":65}},"70":{"start":{"line":205,"column":4},"end":{"line":205,"column":39}},"71":{"start":{"line":206,"column":4},"end":{"line":212,"column":7}},"72":{"start":{"line":207,"column":6},"end":{"line":211,"column":8}},"73":{"start":{"line":213,"column":4},"end":{"line":213,"column":37}},"74":{"start":{"line":217,"column":4},"end":{"line":217,"column":25}},"75":{"start":{"line":156,"column":13},"end":{"line":156,"column":30}},"76":{"start":{"line":221,"column":0},"end":{"line":221,"column":41}}},"fnMap":{"0":{"name":"(anonymous_0)","decl":{"start":{"line":8,"column":0},"end":{"line":8,"column":12}},"loc":{"start":{"line":8,"column":23},"end":{"line":12,"column":1}}},"1":{"name":"(anonymous_1)","decl":{"start":{"line":46,"column":2},"end":{"line":46,"column":14}},"loc":{"start":{"line":46,"column":34},"end":{"line":51,"column":3}}},"2":{"name":"(anonymous_2)","decl":{"start":{"line":53,"column":2},"end":{"line":53,"column":23}},"loc":{"start":{"line":53,"column":23},"end":{"line":55,"column":3}}},"3":{"name":"(anonymous_3)","decl":{"start":{"line":57,"column":2},"end":{"line":57,"column":16}},"loc":{"start":{"line":57,"column":16},"end":{"line":59,"column":3}}},"4":{"name":"(anonymous_4)","decl":{"start":{"line":61,"column":2},"end":{"line":61,"column":16}},"loc":{"start":{"line":61,"column":16},"end":{"line":63,"column":3}}},"5":{"name":"(anonymous_5)","decl":{"start":{"line":65,"column":2},"end":{"line":65,"column":8}},"loc":{"start":{"line":65,"column":20},"end":{"line":67,"column":3}}},"6":{"name":"(anonymous_6)","decl":{"start":{"line":75,"column":2},"end":{"line":75,"column":21}},"loc":{"start":{"line":75,"column":69},"end":{"line":75,"column":73}}},"7":{"name":"(anonymous_7)","decl":{"start":{"line":76,"column":2},"end":{"line":76,"column":7}},"loc":{"start":{"line":76,"column":7},"end":{"line":80,"column":3}}},"8":{"name":"(anonymous_8)","decl":{"start":{"line":82,"column":2},"end":{"line":82,"column":9}},"loc":{"start":{"line":82,"column":9},"end":{"line":85,"column":3}}},"9":{"name":"(anonymous_9)","decl":{"start":{"line":87,"column":2},"end":{"line":87,"column":14}},"loc":{"start":{"line":87,"column":14},"end":{"line":90,"column":3}}},"10":{"name":"(anonymous_10)","decl":{"start":{"line":92,"column":2},"end":{"line":92,"column":15}},"loc":{"start":{"line":92,"column":15},"end":{"line":95,"column":3}}},"11":{"name":"(anonymous_11)","decl":{"start":{"line":97,"column":2},"end":{"line":97,"column":14}},"loc":{"start":{"line":97,"column":14},"end":{"line":100,"column":3}}},"12":{"name":"(anonymous_12)","decl":{"start":{"line":137,"column":2},"end":{"line":137,"column":21}},"loc":{"start":{"line":137,"column":49},"end":{"line":137,"column":53}}},"13":{"name":"(anonymous_13)","decl":{"start":{"line":139,"column":9},"end":{"line":139,"column":22}},"loc":{"start":{"line":139,"column":33},"end":{"line":142,"column":3}}},"14":{"name":"(anonymous_14)","decl":{"start":{"line":140,"column":36},"end":{"line":140,"column":37}},"loc":{"start":{"line":140,"column":43},"end":{"line":140,"column":70}}},"15":{"name":"(anonymous_15)","decl":{"start":{"line":144,"column":9},"end":{"line":144,"column":30}},"loc":{"start":{"line":144,"column":41},"end":{"line":147,"column":3}}},"16":{"name":"(anonymous_16)","decl":{"start":{"line":145,"column":36},"end":{"line":145,"column":37}},"loc":{"start":{"line":145,"column":43},"end":{"line":145,"column":70}}},"17":{"name":"(anonymous_17)","decl":{"start":{"line":149,"column":9},"end":{"line":149,"column":28}},"loc":{"start":{"line":149,"column":55},"end":{"line":153,"column":3}}},"18":{"name":"(anonymous_18)","decl":{"start":{"line":151,"column":6},"end":{"line":151,"column":7}},"loc":{"start":{"line":151,"column":13},"end":{"line":151,"column":66}}},"19":{"name":"(anonymous_19)","decl":{"start":{"line":160,"column":2},"end":{"line":160,"column":25}},"loc":{"start":{"line":160,"column":2},"end":{"line":160,"column":26}}},"20":{"name":"(anonymous_20)","decl":{"start":{"line":162,"column":9},"end":{"line":162,"column":15}},"loc":{"start":{"line":162,"column":15},"end":{"line":165,"column":3}}},"21":{"name":"(anonymous_21)","decl":{"start":{"line":166,"column":9},"end":{"line":166,"column":16}},"loc":{"start":{"line":166,"column":16},"end":{"line":168,"column":3}}},"22":{"name":"(anonymous_22)","decl":{"start":{"line":170,"column":10},"end":{"line":170,"column":18}},"loc":{"start":{"line":170,"column":18},"end":{"line":202,"column":3}}},"23":{"name":"(anonymous_23)","decl":{"start":{"line":180,"column":8},"end":{"line":180,"column":9}},"loc":{"start":{"line":180,"column":15},"end":{"line":180,"column":64}}},"24":{"name":"(anonymous_24)","decl":{"start":{"line":204,"column":10},"end":{"line":204,"column":25}},"loc":{"start":{"line":204,"column":25},"end":{"line":214,"column":3}}},"25":{"name":"(anonymous_25)","decl":{"start":{"line":206,"column":24},"end":{"line":206,"column":25}},"loc":{"start":{"line":206,"column":30},"end":{"line":212,"column":5}}},"26":{"name":"(anonymous_26)","decl":{"start":{"line":216,"column":2},"end":{"line":216,"column":8}},"loc":{"start":{"line":216,"column":20},"end":{"line":218,"column":3}}}},"branchMap":{"0":{"loc":{"start":{"line":8,"column":12},"end":{"line":8,"column":null}},"type":"binary-expr","locations":[{"start":{"line":8,"column":12},"end":{"line":8,"column":23}},{"start":{"line":8,"column":12},"end":{"line":8,"column":null}}]},"1":{"loc":{"start":{"line":58,"column":34},"end":{"line":58,"column":58}},"type":"binary-expr","locations":[{"start":{"line":58,"column":34},"end":{"line":58,"column":43}},{"start":{"line":58,"column":47},"end":{"line":58,"column":58}}]},"2":{"loc":{"start":{"line":174,"column":6},"end":{"line":178,"column":null}},"type":"if","locations":[{"start":{"line":174,"column":6},"end":{"line":178,"column":null}}]},"3":{"loc":{"start":{"line":182,"column":6},"end":{"line":185,"column":null}},"type":"if","locations":[{"start":{"line":182,"column":6},"end":{"line":185,"column":null}}]},"4":{"loc":{"start":{"line":191,"column":6},"end":{"line":194,"column":null}},"type":"if","locations":[{"start":{"line":191,"column":6},"end":{"line":194,"column":null}}]},"5":{"loc":{"start":{"line":208,"column":53},"end":{"line":208,"column":74}},"type":"binary-expr","locations":[{"start":{"line":208,"column":53},"end":{"line":208,"column":59}},{"start":{"line":208,"column":63},"end":{"line":208,"column":74}}]}},"s":{"0":0,"1":0,"2":0,"3":0,"4":0,"5":0,"6":0,"7":0,"8":0,"9":0,"10":0,"11":0,"12":0,"13":0,"14":0,"15":0,"16":0,"17":0,"18":0,"19":0,"20":0,"21":0,"22":0,"23":0,"24":0,"25":0,"26":0,"27":0,"28":0,"29":0,"30":0,"31":0,"32":0,"33":0,"34":0,"35":0,"36":0,"37":0,"38":0,"39":0,"40":0,"41":0,"42":0,"43":0,"44":0,"45":0,"46":0,"47":0,"48":0,"49":0,"50":0,"51":0,"52":0,"53":0,"54":0,"55":0,"56":0,"57":0,"58":0,"59":0,"60":0,"61":0,"62":0,"63":0,"64":0,"65":0,"66":0,"67":0,"68":0,"69":0,"70":0,"71":0,"72":0,"73":0,"74":0,"75":0,"76":0},"f":{"0":0,"1":0,"2":0,"3":0,"4":0,"5":0,"6":0,"7":0,"8":0,"9":0,"10":0,"11":0,"12":0,"13":0,"14":0,"15":0,"16":0,"17":0,"18":0,"19":0,"20":0,"21":0,"22":0,"23":0,"24":0,"25":0,"26":0},"b":{"0":[0,0],"1":[0,0],"2":[0],"3":[0],"4":[0],"5":[0,0]}}
}
