TN:
SF:src/main.ts
FN:8,(anonymous_0)
FN:46,(anonymous_1)
FN:53,(anonymous_2)
FN:57,(anonymous_3)
FN:61,(anonymous_4)
FN:65,(anonymous_5)
FN:75,(anonymous_6)
FN:76,(anonymous_7)
FN:82,(anonymous_8)
FN:87,(anonymous_9)
FN:92,(anonymous_10)
FN:97,(anonymous_11)
FN:137,(anonymous_12)
FN:139,(anonymous_13)
FN:140,(anonymous_14)
FN:144,(anonymous_15)
FN:145,(anonymous_16)
FN:149,(anonymous_17)
FN:151,(anonymous_18)
FN:160,(anonymous_19)
FN:162,(anonymous_20)
FN:166,(anonymous_21)
FN:170,(anonymous_22)
FN:180,(anonymous_23)
FN:204,(anonymous_24)
FN:206,(anonymous_25)
FN:216,(anonymous_26)
FNF:27
FNH:0
FNDA:0,(anonymous_0)
FNDA:0,(anonymous_1)
FNDA:0,(anonymous_2)
FNDA:0,(anonymous_3)
FNDA:0,(anonymous_4)
FNDA:0,(anonymous_5)
FNDA:0,(anonymous_6)
FNDA:0,(anonymous_7)
FNDA:0,(anonymous_8)
FNDA:0,(anonymous_9)
FNDA:0,(anonymous_10)
FNDA:0,(anonymous_11)
FNDA:0,(anonymous_12)
FNDA:0,(anonymous_13)
FNDA:0,(anonymous_14)
FNDA:0,(anonymous_15)
FNDA:0,(anonymous_16)
FNDA:0,(anonymous_17)
FNDA:0,(anonymous_18)
FNDA:0,(anonymous_19)
FNDA:0,(anonymous_20)
FNDA:0,(anonymous_21)
FNDA:0,(anonymous_22)
FNDA:0,(anonymous_23)
FNDA:0,(anonymous_24)
FNDA:0,(anonymous_25)
FNDA:0,(anonymous_26)
DA:5,0
DA:6,0
DA:8,0
DA:9,0
DA:10,0
DA:11,0
DA:14,0
DA:41,0
DA:47,0
DA:48,0
DA:49,0
DA:50,0
DA:54,0
DA:58,0
DA:62,0
DA:66,0
DA:70,0
DA:71,0
DA:72,0
DA:73,0
DA:75,0
DA:77,0
DA:78,0
DA:79,0
DA:83,0
DA:84,0
DA:88,0
DA:89,0
DA:93,0
DA:94,0
DA:98,0
DA:99,0
DA:103,0
DA:136,0
DA:137,0
DA:140,0
DA:141,0
DA:145,0
DA:146,0
DA:150,0
DA:151,0
DA:156,0
DA:157,0
DA:158,0
DA:159,0
DA:163,0
DA:164,0
DA:167,0
DA:171,0
DA:172,0
DA:173,0
DA:174,0
DA:175,0
DA:176,0
DA:177,0
DA:179,0
DA:180,0
DA:182,0
DA:183,0
DA:184,0
DA:187,0
DA:191,0
DA:192,0
DA:193,0
DA:195,0
DA:196,0
DA:199,0
DA:200,0
DA:205,0
DA:206,0
DA:207,0
DA:213,0
DA:217,0
DA:221,0
LF:74
LH:0
BRDA:8,0,0,0
BRDA:8,0,1,0
BRDA:58,1,0,0
BRDA:58,1,1,0
BRDA:174,2,0,0
BRDA:182,3,0,0
BRDA:191,4,0,0
BRDA:208,5,0,0
BRDA:208,5,1,0
BRF:9
BRH:0
end_of_record
